android/app/build/intermediates/manifest_merge_blame_file/debug/manifest-merger-blame-debug-report.txt
1<?xml version="1.0" encoding="utf-8"?>
2<manifest xmlns:android="http://schemas.android.com/apk/res/android"
3    package="com.example.health_sync"
4    android:versionCode="1"
5    android:versionName="1.0.0" >
6
7    <uses-sdk
8        android:minSdkVersion="21"
9        android:targetSdkVersion="35" />
10    <!--
11         The INTERNET permission is required for development. Specifically,
12         the Flutter tool needs it to communicate with the running application
13         to allow setting breakpoints, to provide hot reload, etc.
14    -->
15    <uses-permission android:name="android.permission.INTERNET" />
15-->src\main\AndroidManifest.xml:3:5-66
15-->src\main\AndroidManifest.xml:3:22-64
16    <uses-permission android:name="android.permission.VIBRATE" />
16-->src\main\AndroidManifest.xml:4:5-65
16-->src\main\AndroidManifest.xml:4:22-63
17    <uses-permission android:name="android.permission.RECEIVE_BOOT_COMPLETED" />
17-->src\main\AndroidManifest.xml:5:5-80
17-->src\main\AndroidManifest.xml:5:22-78
18    <uses-permission android:name="android.permission.SCHEDULE_EXACT_ALARM" />
18-->src\main\AndroidManifest.xml:6:5-78
18-->src\main\AndroidManifest.xml:6:22-76
19    <uses-permission android:name="android.permission.POST_NOTIFICATIONS" />
19-->src\main\AndroidManifest.xml:7:5-76
19-->src\main\AndroidManifest.xml:7:22-74
20
21    <queries>
21-->src\main\AndroidManifest.xml:52:5-57:15
22        <intent>
22-->src\main\AndroidManifest.xml:53:9-56:18
23            <action android:name="android.intent.action.PROCESS_TEXT" />
23-->src\main\AndroidManifest.xml:54:13-72
23-->src\main\AndroidManifest.xml:54:21-70
24
25            <data android:mimeType="text/plain" />
25-->src\main\AndroidManifest.xml:55:13-50
25-->src\main\AndroidManifest.xml:55:19-48
26        </intent>
27
28        <package android:name="com.facebook.katana" />
28-->[com.facebook.android:facebook-common:17.0.0] AndroidManifest.xml:18:9-55
28-->[com.facebook.android:facebook-common:17.0.0] AndroidManifest.xml:18:18-52
29    </queries>
30
31    <uses-permission android:name="android.permission.BROADCAST_CLOSE_SYSTEM_DIALOGS" />
31-->[:awesome_notifications] AndroidManifest.xml:8:5-89
31-->[:awesome_notifications] AndroidManifest.xml:8:22-86
32    <uses-permission
32-->[me.carda:AndroidAwnCore:0.8.3] AndroidManifest.xml:10:5-12:38
33        android:name="android.permission.BIND_NOTIFICATION_LISTENER_SERVICE"
33-->[me.carda:AndroidAwnCore:0.8.3] AndroidManifest.xml:11:9-77
34        android:maxSdkVersion="22" />
34-->[me.carda:AndroidAwnCore:0.8.3] AndroidManifest.xml:12:9-35
35    <uses-permission android:name="com.google.android.gms.permission.AD_ID" />
35-->[com.facebook.android:facebook-core:17.0.0] AndroidManifest.xml:16:5-79
35-->[com.facebook.android:facebook-core:17.0.0] AndroidManifest.xml:16:22-76
36
37    <permission
37-->[androidx.core:core:1.13.1] AndroidManifest.xml:22:5-24:47
38        android:name="com.example.health_sync.DYNAMIC_RECEIVER_NOT_EXPORTED_PERMISSION"
38-->[androidx.core:core:1.13.1] AndroidManifest.xml:23:9-81
39        android:protectionLevel="signature" />
39-->[androidx.core:core:1.13.1] AndroidManifest.xml:24:9-44
40
41    <uses-permission android:name="com.example.health_sync.DYNAMIC_RECEIVER_NOT_EXPORTED_PERMISSION" /> <!-- for android -->
41-->[androidx.core:core:1.13.1] AndroidManifest.xml:26:5-97
41-->[androidx.core:core:1.13.1] AndroidManifest.xml:26:22-94
42    <!-- <uses-permission android:name="com.android.launcher.permission.READ_SETTINGS"/> -->
43    <!-- <uses-permission android:name="com.android.launcher.permission.WRITE_SETTINGS"/> -->
44    <!-- <uses-permission android:name="com.android.launcher.permission.INSTALL_SHORTCUT" /> -->
45    <!-- <uses-permission android:name="com.android.launcher.permission.UNINSTALL_SHORTCUT" /> -->
46    <!-- for Samsung -->
47    <uses-permission android:name="com.sec.android.provider.badge.permission.READ" />
47-->[me.leolin:ShortcutBadger:1.1.22] AndroidManifest.xml:19:5-86
47-->[me.leolin:ShortcutBadger:1.1.22] AndroidManifest.xml:19:22-83
48    <uses-permission android:name="com.sec.android.provider.badge.permission.WRITE" /> <!-- for htc -->
48-->[me.leolin:ShortcutBadger:1.1.22] AndroidManifest.xml:20:5-87
48-->[me.leolin:ShortcutBadger:1.1.22] AndroidManifest.xml:20:22-84
49    <uses-permission android:name="com.htc.launcher.permission.READ_SETTINGS" />
49-->[me.leolin:ShortcutBadger:1.1.22] AndroidManifest.xml:23:5-81
49-->[me.leolin:ShortcutBadger:1.1.22] AndroidManifest.xml:23:22-78
50    <uses-permission android:name="com.htc.launcher.permission.UPDATE_SHORTCUT" /> <!-- for sony -->
50-->[me.leolin:ShortcutBadger:1.1.22] AndroidManifest.xml:24:5-83
50-->[me.leolin:ShortcutBadger:1.1.22] AndroidManifest.xml:24:22-80
51    <uses-permission android:name="com.sonyericsson.home.permission.BROADCAST_BADGE" />
51-->[me.leolin:ShortcutBadger:1.1.22] AndroidManifest.xml:27:5-88
51-->[me.leolin:ShortcutBadger:1.1.22] AndroidManifest.xml:27:22-85
52    <uses-permission android:name="com.sonymobile.home.permission.PROVIDER_INSERT_BADGE" /> <!-- for apex -->
52-->[me.leolin:ShortcutBadger:1.1.22] AndroidManifest.xml:28:5-92
52-->[me.leolin:ShortcutBadger:1.1.22] AndroidManifest.xml:28:22-89
53    <uses-permission android:name="com.anddoes.launcher.permission.UPDATE_COUNT" /> <!-- for solid -->
53-->[me.leolin:ShortcutBadger:1.1.22] AndroidManifest.xml:31:5-84
53-->[me.leolin:ShortcutBadger:1.1.22] AndroidManifest.xml:31:22-81
54    <uses-permission android:name="com.majeur.launcher.permission.UPDATE_BADGE" /> <!-- for huawei -->
54-->[me.leolin:ShortcutBadger:1.1.22] AndroidManifest.xml:34:5-83
54-->[me.leolin:ShortcutBadger:1.1.22] AndroidManifest.xml:34:22-80
55    <uses-permission android:name="com.huawei.android.launcher.permission.CHANGE_BADGE" />
55-->[me.leolin:ShortcutBadger:1.1.22] AndroidManifest.xml:37:5-91
55-->[me.leolin:ShortcutBadger:1.1.22] AndroidManifest.xml:37:22-88
56    <uses-permission android:name="com.huawei.android.launcher.permission.READ_SETTINGS" />
56-->[me.leolin:ShortcutBadger:1.1.22] AndroidManifest.xml:38:5-92
56-->[me.leolin:ShortcutBadger:1.1.22] AndroidManifest.xml:38:22-89
57    <uses-permission android:name="com.huawei.android.launcher.permission.WRITE_SETTINGS" /> <!-- for ZUK -->
57-->[me.leolin:ShortcutBadger:1.1.22] AndroidManifest.xml:39:5-93
57-->[me.leolin:ShortcutBadger:1.1.22] AndroidManifest.xml:39:22-90
58    <uses-permission android:name="android.permission.READ_APP_BADGE" /> <!-- for OPPO -->
58-->[me.leolin:ShortcutBadger:1.1.22] AndroidManifest.xml:42:5-73
58-->[me.leolin:ShortcutBadger:1.1.22] AndroidManifest.xml:42:22-70
59    <uses-permission android:name="com.oppo.launcher.permission.READ_SETTINGS" />
59-->[me.leolin:ShortcutBadger:1.1.22] AndroidManifest.xml:45:5-82
59-->[me.leolin:ShortcutBadger:1.1.22] AndroidManifest.xml:45:22-79
60    <uses-permission android:name="com.oppo.launcher.permission.WRITE_SETTINGS" /> <!-- for EvMe -->
60-->[me.leolin:ShortcutBadger:1.1.22] AndroidManifest.xml:46:5-83
60-->[me.leolin:ShortcutBadger:1.1.22] AndroidManifest.xml:46:22-80
61    <uses-permission android:name="me.everything.badger.permission.BADGE_COUNT_READ" />
61-->[me.leolin:ShortcutBadger:1.1.22] AndroidManifest.xml:49:5-88
61-->[me.leolin:ShortcutBadger:1.1.22] AndroidManifest.xml:49:22-85
62    <uses-permission android:name="me.everything.badger.permission.BADGE_COUNT_WRITE" />
62-->[me.leolin:ShortcutBadger:1.1.22] AndroidManifest.xml:50:5-89
62-->[me.leolin:ShortcutBadger:1.1.22] AndroidManifest.xml:50:22-86
63    <uses-permission android:name="com.google.android.finsky.permission.BIND_GET_INSTALL_REFERRER_SERVICE" />
63-->[com.android.installreferrer:installreferrer:1.0] AndroidManifest.xml:9:5-110
63-->[com.android.installreferrer:installreferrer:1.0] AndroidManifest.xml:9:22-107
64
65    <application
66        android:name="android.app.Application"
67        android:appComponentFactory="androidx.core.app.CoreComponentFactory"
67-->[androidx.core:core:1.13.1] AndroidManifest.xml:28:18-86
68        android:debuggable="true"
69        android:extractNativeLibs="true"
70        android:icon="@mipmap/ic_launcher"
71        android:label="health_sync"
72        android:supportsRtl="true" >
72-->[com.facebook.android:facebook-login:17.0.0] AndroidManifest.xml:16:18-44
73
74        <!-- Bildirim kanalı için icon -->
75        <meta-data
76            android:name="com.google.firebase.messaging.default_notification_icon"
77            android:resource="@mipmap/ic_launcher" />
78
79        <activity
80            android:name="com.example.health_sync.MainActivity"
81            android:configChanges="orientation|keyboardHidden|keyboard|screenSize|smallestScreenSize|locale|layoutDirection|fontScale|screenLayout|density|uiMode"
82            android:exported="true"
83            android:hardwareAccelerated="true"
84            android:launchMode="singleTop"
85            android:taskAffinity=""
86            android:theme="@style/LaunchTheme"
87            android:windowSoftInputMode="adjustResize" >
88            <meta-data
89                android:name="io.flutter.embedding.android.NormalTheme"
90                android:resource="@style/NormalTheme" />
91
92            <intent-filter>
93                <action android:name="android.intent.action.MAIN" />
94
95                <category android:name="android.intent.category.LAUNCHER" />
96            </intent-filter>
97        </activity>
98
99        <meta-data
100            android:name="flutterEmbedding"
101            android:value="2" />
102
103        <!-- Awesome Notifications için gerekli receiver -->
104        <receiver
105            android:name="me.carda.awesome_notifications.notifications.broadcastReceivers.DismissedNotificationReceiver"
106            android:exported="false" />
107        <receiver
108            android:name="me.carda.awesome_notifications.notifications.broadcastReceivers.ScheduledNotificationReceiver"
109            android:exported="false" />
110        <receiver
111            android:name="me.carda.awesome_notifications.notifications.broadcastReceivers.KeepOnTopNotificationReceiver"
112            android:exported="false" />
113        <receiver
113-->[:awesome_notifications] AndroidManifest.xml:13:9-15:39
114            android:name="me.carda.awesome_notifications.DartNotificationActionReceiver"
114-->[:awesome_notifications] AndroidManifest.xml:14:13-89
115            android:exported="true" />
115-->[:awesome_notifications] AndroidManifest.xml:15:13-36
116        <receiver
116-->[:awesome_notifications] AndroidManifest.xml:16:9-18:39
117            android:name="me.carda.awesome_notifications.DartDismissedNotificationReceiver"
117-->[:awesome_notifications] AndroidManifest.xml:17:13-92
118            android:exported="true" />
118-->[:awesome_notifications] AndroidManifest.xml:18:13-36
119        <receiver
119-->[:awesome_notifications] AndroidManifest.xml:19:9-21:39
120            android:name="me.carda.awesome_notifications.DartScheduledNotificationReceiver"
120-->[:awesome_notifications] AndroidManifest.xml:20:13-92
121            android:exported="true" />
121-->[:awesome_notifications] AndroidManifest.xml:21:13-36
122        <receiver
122-->[:awesome_notifications] AndroidManifest.xml:22:9-36:20
123            android:name="me.carda.awesome_notifications.DartRefreshSchedulesReceiver"
123-->[:awesome_notifications] AndroidManifest.xml:23:13-87
124            android:enabled="true"
124-->[:awesome_notifications] AndroidManifest.xml:24:13-35
125            android:exported="true" >
125-->[:awesome_notifications] AndroidManifest.xml:25:13-36
126            <intent-filter>
126-->[:awesome_notifications] AndroidManifest.xml:26:13-35:29
127                <category android:name="android.intent.category.DEFAULT" />
127-->[:awesome_notifications] AndroidManifest.xml:27:17-76
127-->[:awesome_notifications] AndroidManifest.xml:27:27-73
128
129                <action android:name="android.intent.action.BOOT_COMPLETED" />
129-->[:awesome_notifications] AndroidManifest.xml:29:17-79
129-->[:awesome_notifications] AndroidManifest.xml:29:25-76
130                <action android:name="android.intent.action.LOCKED_BOOT_COMPLETED" />
130-->[:awesome_notifications] AndroidManifest.xml:30:17-86
130-->[:awesome_notifications] AndroidManifest.xml:30:25-83
131                <action android:name="android.intent.action.MY_PACKAGE_REPLACED" />
131-->[:awesome_notifications] AndroidManifest.xml:31:17-84
131-->[:awesome_notifications] AndroidManifest.xml:31:25-81
132                <action android:name="android.intent.action.QUICKBOOT_POWERON" />
132-->[:awesome_notifications] AndroidManifest.xml:32:17-82
132-->[:awesome_notifications] AndroidManifest.xml:32:25-79
133                <action android:name="com.htc.intent.action.QUICKBOOT_POWERON" />
133-->[:awesome_notifications] AndroidManifest.xml:33:17-82
133-->[:awesome_notifications] AndroidManifest.xml:33:25-79
134                <action android:name="android.app.action.SCHEDULE_EXACT_ALARM_PERMISSION_STATE_CHANGED" />
134-->[:awesome_notifications] AndroidManifest.xml:34:17-107
134-->[:awesome_notifications] AndroidManifest.xml:34:25-104
135            </intent-filter>
136        </receiver>
137
138        <service
138-->[:awesome_notifications] AndroidManifest.xml:38:9-41:72
139            android:name="me.carda.awesome_notifications.DartBackgroundService"
139-->[:awesome_notifications] AndroidManifest.xml:39:13-80
140            android:exported="false"
140-->[:awesome_notifications] AndroidManifest.xml:40:13-37
141            android:permission="android.permission.BIND_JOB_SERVICE" />
141-->[:awesome_notifications] AndroidManifest.xml:41:13-69
142        <service
142-->[:awesome_notifications] AndroidManifest.xml:42:9-47:43
143            android:name="me.carda.awesome_notifications.core.services.ForegroundService"
143-->[:awesome_notifications] AndroidManifest.xml:43:13-90
144            android:enabled="true"
144-->[:awesome_notifications] AndroidManifest.xml:44:13-35
145            android:exported="false"
145-->[:awesome_notifications] AndroidManifest.xml:45:13-37
146            android:foregroundServiceType="phoneCall"
146-->[:awesome_notifications] AndroidManifest.xml:46:13-54
147            android:stopWithTask="true" />
147-->[:awesome_notifications] AndroidManifest.xml:47:13-40
148        <service
148-->[me.carda:AndroidAwnCore:0.8.3] AndroidManifest.xml:21:9-28:19
149            android:name="me.carda.awesome_notifications.core.managers.StatusBarManager"
149-->[me.carda:AndroidAwnCore:0.8.3] AndroidManifest.xml:22:13-89
150            android:exported="true"
150-->[me.carda:AndroidAwnCore:0.8.3] AndroidManifest.xml:23:13-36
151            android:label="My Notification Listener Service" >
151-->[me.carda:AndroidAwnCore:0.8.3] AndroidManifest.xml:24:13-61
152            <intent-filter>
152-->[me.carda:AndroidAwnCore:0.8.3] AndroidManifest.xml:25:13-27:29
153                <action android:name="android.service.notification.NotificationListenerService" />
153-->[me.carda:AndroidAwnCore:0.8.3] AndroidManifest.xml:26:17-99
153-->[me.carda:AndroidAwnCore:0.8.3] AndroidManifest.xml:26:25-96
154            </intent-filter>
155        </service>
156
157        <activity
157-->[com.google.android.gms:play-services-auth:21.0.0] AndroidManifest.xml:23:9-27:75
158            android:name="com.google.android.gms.auth.api.signin.internal.SignInHubActivity"
158-->[com.google.android.gms:play-services-auth:21.0.0] AndroidManifest.xml:24:13-93
159            android:excludeFromRecents="true"
159-->[com.google.android.gms:play-services-auth:21.0.0] AndroidManifest.xml:25:13-46
160            android:exported="false"
160-->[com.google.android.gms:play-services-auth:21.0.0] AndroidManifest.xml:26:13-37
161            android:theme="@android:style/Theme.Translucent.NoTitleBar" />
161-->[com.google.android.gms:play-services-auth:21.0.0] AndroidManifest.xml:27:13-72
162        <!--
163            Service handling Google Sign-In user revocation. For apps that do not integrate with
164            Google Sign-In, this service will never be started.
165        -->
166        <service
166-->[com.google.android.gms:play-services-auth:21.0.0] AndroidManifest.xml:33:9-37:51
167            android:name="com.google.android.gms.auth.api.signin.RevocationBoundService"
167-->[com.google.android.gms:play-services-auth:21.0.0] AndroidManifest.xml:34:13-89
168            android:exported="true"
168-->[com.google.android.gms:play-services-auth:21.0.0] AndroidManifest.xml:35:13-36
169            android:permission="com.google.android.gms.auth.api.signin.permission.REVOCATION_NOTIFICATION"
169-->[com.google.android.gms:play-services-auth:21.0.0] AndroidManifest.xml:36:13-107
170            android:visibleToInstantApps="true" />
170-->[com.google.android.gms:play-services-auth:21.0.0] AndroidManifest.xml:37:13-48
171
172        <activity
172-->[com.facebook.android:facebook-common:17.0.0] AndroidManifest.xml:22:9-25:66
173            android:name="com.facebook.FacebookActivity"
173-->[com.facebook.android:facebook-common:17.0.0] AndroidManifest.xml:23:13-57
174            android:configChanges="keyboard|keyboardHidden|screenLayout|screenSize|orientation"
174-->[com.facebook.android:facebook-common:17.0.0] AndroidManifest.xml:24:13-96
175            android:theme="@style/com_facebook_activity_theme" />
175-->[com.facebook.android:facebook-common:17.0.0] AndroidManifest.xml:25:13-63
176        <activity android:name="com.facebook.CustomTabMainActivity" />
176-->[com.facebook.android:facebook-common:17.0.0] AndroidManifest.xml:26:9-71
176-->[com.facebook.android:facebook-common:17.0.0] AndroidManifest.xml:26:19-68
177        <activity
177-->[com.facebook.android:facebook-common:17.0.0] AndroidManifest.xml:27:9-41:20
178            android:name="com.facebook.CustomTabActivity"
178-->[com.facebook.android:facebook-common:17.0.0] AndroidManifest.xml:28:13-58
179            android:exported="true" >
179-->[com.facebook.android:facebook-common:17.0.0] AndroidManifest.xml:29:13-36
180            <intent-filter>
180-->[com.facebook.android:facebook-common:17.0.0] AndroidManifest.xml:31:13-40:29
181                <action android:name="android.intent.action.VIEW" />
181-->[com.facebook.android:facebook-common:17.0.0] AndroidManifest.xml:32:17-69
181-->[com.facebook.android:facebook-common:17.0.0] AndroidManifest.xml:32:25-66
182
183                <category android:name="android.intent.category.DEFAULT" />
183-->[:awesome_notifications] AndroidManifest.xml:27:17-76
183-->[:awesome_notifications] AndroidManifest.xml:27:27-73
184                <category android:name="android.intent.category.BROWSABLE" />
184-->[com.facebook.android:facebook-common:17.0.0] AndroidManifest.xml:35:17-78
184-->[com.facebook.android:facebook-common:17.0.0] AndroidManifest.xml:35:27-75
185
186                <data
186-->src\main\AndroidManifest.xml:55:13-50
187                    android:host="cct.com.example.health_sync"
188                    android:scheme="fbconnect" />
189            </intent-filter>
190        </activity>
191        <activity
191-->[com.google.android.gms:play-services-base:18.0.1] AndroidManifest.xml:20:9-22:45
192            android:name="com.google.android.gms.common.api.GoogleApiActivity"
192-->[com.google.android.gms:play-services-base:18.0.1] AndroidManifest.xml:20:19-85
193            android:exported="false"
193-->[com.google.android.gms:play-services-base:18.0.1] AndroidManifest.xml:22:19-43
194            android:theme="@android:style/Theme.Translucent.NoTitleBar" />
194-->[com.google.android.gms:play-services-base:18.0.1] AndroidManifest.xml:21:19-78
195
196        <meta-data
196-->[com.google.android.gms:play-services-basement:18.2.0] AndroidManifest.xml:21:9-23:69
197            android:name="com.google.android.gms.version"
197-->[com.google.android.gms:play-services-basement:18.2.0] AndroidManifest.xml:22:13-58
198            android:value="@integer/google_play_services_version" />
198-->[com.google.android.gms:play-services-basement:18.2.0] AndroidManifest.xml:23:13-66
199
200        <uses-library
200-->[androidx.window:window:1.2.0] AndroidManifest.xml:23:9-25:40
201            android:name="androidx.window.extensions"
201-->[androidx.window:window:1.2.0] AndroidManifest.xml:24:13-54
202            android:required="false" />
202-->[androidx.window:window:1.2.0] AndroidManifest.xml:25:13-37
203        <uses-library
203-->[androidx.window:window:1.2.0] AndroidManifest.xml:26:9-28:40
204            android:name="androidx.window.sidecar"
204-->[androidx.window:window:1.2.0] AndroidManifest.xml:27:13-51
205            android:required="false" />
205-->[androidx.window:window:1.2.0] AndroidManifest.xml:28:13-37
206        <!--
207         The initialization ContentProvider will call FacebookSdk.sdkInitialize automatically
208         with the application context. This config is merged in with the host app's manifest,
209         but there can only be one provider with the same authority activated at any given
210         point; so if the end user has two or more different apps that use Facebook SDK, only the
211         first one will be able to use the provider. To work around this problem, we use the
212         following placeholder in the authority to identify each host application as if it was
213         a completely different provider.
214        -->
215        <provider
215-->[com.facebook.android:facebook-core:17.0.0] AndroidManifest.xml:29:9-32:40
216            android:name="com.facebook.internal.FacebookInitProvider"
216-->[com.facebook.android:facebook-core:17.0.0] AndroidManifest.xml:30:13-70
217            android:authorities="com.example.health_sync.FacebookInitProvider"
217-->[com.facebook.android:facebook-core:17.0.0] AndroidManifest.xml:31:13-72
218            android:exported="false" />
218-->[com.facebook.android:facebook-core:17.0.0] AndroidManifest.xml:32:13-37
219
220        <receiver
220-->[com.facebook.android:facebook-core:17.0.0] AndroidManifest.xml:34:9-40:20
221            android:name="com.facebook.CurrentAccessTokenExpirationBroadcastReceiver"
221-->[com.facebook.android:facebook-core:17.0.0] AndroidManifest.xml:35:13-86
222            android:exported="false" >
222-->[com.facebook.android:facebook-core:17.0.0] AndroidManifest.xml:36:13-37
223            <intent-filter>
223-->[com.facebook.android:facebook-core:17.0.0] AndroidManifest.xml:37:13-39:29
224                <action android:name="com.facebook.sdk.ACTION_CURRENT_ACCESS_TOKEN_CHANGED" />
224-->[com.facebook.android:facebook-core:17.0.0] AndroidManifest.xml:38:17-95
224-->[com.facebook.android:facebook-core:17.0.0] AndroidManifest.xml:38:25-92
225            </intent-filter>
226        </receiver>
227        <receiver
227-->[com.facebook.android:facebook-core:17.0.0] AndroidManifest.xml:41:9-47:20
228            android:name="com.facebook.AuthenticationTokenManager$CurrentAuthenticationTokenChangedBroadcastReceiver"
228-->[com.facebook.android:facebook-core:17.0.0] AndroidManifest.xml:42:13-118
229            android:exported="false" >
229-->[com.facebook.android:facebook-core:17.0.0] AndroidManifest.xml:43:13-37
230            <intent-filter>
230-->[com.facebook.android:facebook-core:17.0.0] AndroidManifest.xml:44:13-46:29
231                <action android:name="com.facebook.sdk.ACTION_CURRENT_AUTHENTICATION_TOKEN_CHANGED" />
231-->[com.facebook.android:facebook-core:17.0.0] AndroidManifest.xml:45:17-103
231-->[com.facebook.android:facebook-core:17.0.0] AndroidManifest.xml:45:25-100
232            </intent-filter>
233        </receiver>
234
235        <provider
235-->[androidx.emoji2:emoji2:1.2.0] AndroidManifest.xml:24:9-32:20
236            android:name="androidx.startup.InitializationProvider"
236-->[androidx.emoji2:emoji2:1.2.0] AndroidManifest.xml:25:13-67
237            android:authorities="com.example.health_sync.androidx-startup"
237-->[androidx.emoji2:emoji2:1.2.0] AndroidManifest.xml:26:13-68
238            android:exported="false" >
238-->[androidx.emoji2:emoji2:1.2.0] AndroidManifest.xml:27:13-37
239            <meta-data
239-->[androidx.emoji2:emoji2:1.2.0] AndroidManifest.xml:29:13-31:52
240                android:name="androidx.emoji2.text.EmojiCompatInitializer"
240-->[androidx.emoji2:emoji2:1.2.0] AndroidManifest.xml:30:17-75
241                android:value="androidx.startup" />
241-->[androidx.emoji2:emoji2:1.2.0] AndroidManifest.xml:31:17-49
242            <meta-data
242-->[androidx.lifecycle:lifecycle-process:2.7.0] AndroidManifest.xml:29:13-31:52
243                android:name="androidx.lifecycle.ProcessLifecycleInitializer"
243-->[androidx.lifecycle:lifecycle-process:2.7.0] AndroidManifest.xml:30:17-78
244                android:value="androidx.startup" />
244-->[androidx.lifecycle:lifecycle-process:2.7.0] AndroidManifest.xml:31:17-49
245            <meta-data
245-->[androidx.profileinstaller:profileinstaller:1.3.1] AndroidManifest.xml:29:13-31:52
246                android:name="androidx.profileinstaller.ProfileInstallerInitializer"
246-->[androidx.profileinstaller:profileinstaller:1.3.1] AndroidManifest.xml:30:17-85
247                android:value="androidx.startup" />
247-->[androidx.profileinstaller:profileinstaller:1.3.1] AndroidManifest.xml:31:17-49
248        </provider>
249
250        <service
250-->[androidx.room:room-runtime:2.5.0] AndroidManifest.xml:24:9-28:63
251            android:name="androidx.room.MultiInstanceInvalidationService"
251-->[androidx.room:room-runtime:2.5.0] AndroidManifest.xml:25:13-74
252            android:directBootAware="true"
252-->[androidx.room:room-runtime:2.5.0] AndroidManifest.xml:26:13-43
253            android:exported="false" />
253-->[androidx.room:room-runtime:2.5.0] AndroidManifest.xml:27:13-37
254
255        <receiver
255-->[androidx.profileinstaller:profileinstaller:1.3.1] AndroidManifest.xml:34:9-52:20
256            android:name="androidx.profileinstaller.ProfileInstallReceiver"
256-->[androidx.profileinstaller:profileinstaller:1.3.1] AndroidManifest.xml:35:13-76
257            android:directBootAware="false"
257-->[androidx.profileinstaller:profileinstaller:1.3.1] AndroidManifest.xml:36:13-44
258            android:enabled="true"
258-->[androidx.profileinstaller:profileinstaller:1.3.1] AndroidManifest.xml:37:13-35
259            android:exported="true"
259-->[androidx.profileinstaller:profileinstaller:1.3.1] AndroidManifest.xml:38:13-36
260            android:permission="android.permission.DUMP" >
260-->[androidx.profileinstaller:profileinstaller:1.3.1] AndroidManifest.xml:39:13-57
261            <intent-filter>
261-->[androidx.profileinstaller:profileinstaller:1.3.1] AndroidManifest.xml:40:13-42:29
262                <action android:name="androidx.profileinstaller.action.INSTALL_PROFILE" />
262-->[androidx.profileinstaller:profileinstaller:1.3.1] AndroidManifest.xml:41:17-91
262-->[androidx.profileinstaller:profileinstaller:1.3.1] AndroidManifest.xml:41:25-88
263            </intent-filter>
264            <intent-filter>
264-->[androidx.profileinstaller:profileinstaller:1.3.1] AndroidManifest.xml:43:13-45:29
265                <action android:name="androidx.profileinstaller.action.SKIP_FILE" />
265-->[androidx.profileinstaller:profileinstaller:1.3.1] AndroidManifest.xml:44:17-85
265-->[androidx.profileinstaller:profileinstaller:1.3.1] AndroidManifest.xml:44:25-82
266            </intent-filter>
267            <intent-filter>
267-->[androidx.profileinstaller:profileinstaller:1.3.1] AndroidManifest.xml:46:13-48:29
268                <action android:name="androidx.profileinstaller.action.SAVE_PROFILE" />
268-->[androidx.profileinstaller:profileinstaller:1.3.1] AndroidManifest.xml:47:17-88
268-->[androidx.profileinstaller:profileinstaller:1.3.1] AndroidManifest.xml:47:25-85
269            </intent-filter>
270            <intent-filter>
270-->[androidx.profileinstaller:profileinstaller:1.3.1] AndroidManifest.xml:49:13-51:29
271                <action android:name="androidx.profileinstaller.action.BENCHMARK_OPERATION" />
271-->[androidx.profileinstaller:profileinstaller:1.3.1] AndroidManifest.xml:50:17-95
271-->[androidx.profileinstaller:profileinstaller:1.3.1] AndroidManifest.xml:50:25-92
272            </intent-filter>
273        </receiver>
274    </application>
275
276</manifest>